0 info it worked if it ends with ok
1 verbose cli [ 'C:\\Program Files\\nodejs\\node.exe',
1 verbose cli   'C:\\Program Files\\nodejs\\node_modules\\npm\\bin\\npm-cli.js',
1 verbose cli   'run',
1 verbose cli   'clean--win' ]
2 info using npm@3.10.10
3 info using node@v6.10.0
4 verbose run-script [ 'preclean--win', 'clean--win', 'postclean--win' ]
5 info lifecycle webpack-front@1.0.0~preclean--win: webpack-front@1.0.0
6 silly lifecycle webpack-front@1.0.0~preclean--win: no script for preclean--win, continuing
7 info lifecycle webpack-front@1.0.0~clean--win: webpack-front@1.0.0
8 verbose lifecycle webpack-front@1.0.0~clean--win: unsafe-perm in lifecycle true
9 verbose lifecycle webpack-front@1.0.0~clean--win: PATH: C:\Program Files\nodejs\node_modules\npm\bin\node-gyp-bin;D:\dive\Projects\webpack-front\node_modules\.bin;D:\dive\Projects\webpack-front\node_modules\.bin;C:\Users\User\AppData\Local\Yarn\config\link\node_modules\.bin;D:\dive\Projects\webpack-front\node_modules\.bin;C:\Users\User\AppData\Local\Yarn\config\link\node_modules\.bin;C:\Program Files\lib\node_modules\npm\bin\node-gyp-bin;C:\Program Files\nodejs\node_modules\npm\bin\node-gyp-bin;C:\Users\User\bin;C:\Program Files\Git\mingw64\bin;C:\Program Files\Git\usr\local\bin;C:\Program Files\Git\usr\bin;C:\Program Files\Git\usr\bin;C:\Program Files\Git\mingw64\bin;C:\Program Files\Git\usr\bin;C:\Users\User\bin;C:\ProgramData\Oracle\Java\javapath;C:\Windows\system32;C:\Windows;C:\Windows\System32\Wbem;C:\Windows\System32\WindowsPowerShell\v1.0;C:\Program Files (x86)\Skype\Phone;C:\php;C:\ProgramData\ComposerSetup\bin;C:\Program Files\nodejs;C:\Program Files\Git\cmd;C:\WINDOWS\system32;C:\WINDOWS;C:\WINDOWS\System32\Wbem;C:\WINDOWS\System32\WindowsPowerShell\v1.0;C:\Program Files (x86)\NVIDIA Corporation\PhysX\Common;C:\Ruby23-x64\bin;C:\Users\User\AppData\Local\Microsoft\WindowsApps;C:\Users\User\AppData\Local\atom\bin;C:\Users\User\AppData\Roaming\Composer\vendor\bin;C:\Users\User\AppData\Roaming\npm;C:\Users\User\AppData\Local\Microsoft\WindowsApps;C:\Users\User\AppData\Local\Yarn\bin;C:\Users\User\.babun;C:\Program Files\Git\usr\bin\vendor_perl;C:\Program Files\Git\usr\bin\core_perl
10 verbose lifecycle webpack-front@1.0.0~clean--win: CWD: D:\dive\Projects\webpack-front
11 silly lifecycle webpack-front@1.0.0~clean--win: Args: [ '/d /s /c', 'rd /s /q dist && rd /s /q build' ]
12 silly lifecycle webpack-front@1.0.0~clean--win: Returned: code: 2  signal: null
13 info lifecycle webpack-front@1.0.0~clean--win: Failed to exec clean--win script
14 verbose stack Error: webpack-front@1.0.0 clean--win: `rd /s /q dist && rd /s /q build`
14 verbose stack Exit status 2
14 verbose stack     at EventEmitter.<anonymous> (C:\Program Files\nodejs\node_modules\npm\lib\utils\lifecycle.js:255:16)
14 verbose stack     at emitTwo (events.js:106:13)
14 verbose stack     at EventEmitter.emit (events.js:191:7)
14 verbose stack     at ChildProcess.<anonymous> (C:\Program Files\nodejs\node_modules\npm\lib\utils\spawn.js:40:14)
14 verbose stack     at emitTwo (events.js:106:13)
14 verbose stack     at ChildProcess.emit (events.js:191:7)
14 verbose stack     at maybeClose (internal/child_process.js:877:16)
14 verbose stack     at Process.ChildProcess._handle.onexit (internal/child_process.js:226:5)
15 verbose pkgid webpack-front@1.0.0
16 verbose cwd D:\dive\Projects\webpack-front
17 error Windows_NT 10.0.15063
18 error argv "C:\\Program Files\\nodejs\\node.exe" "C:\\Program Files\\nodejs\\node_modules\\npm\\bin\\npm-cli.js" "run" "clean--win"
19 error node v6.10.0
20 error npm  v3.10.10
21 error code ELIFECYCLE
22 error webpack-front@1.0.0 clean--win: `rd /s /q dist && rd /s /q build`
22 error Exit status 2
23 error Failed at the webpack-front@1.0.0 clean--win script 'rd /s /q dist && rd /s /q build'.
23 error Make sure you have the latest version of node.js and npm installed.
23 error If you do, this is most likely a problem with the webpack-front package,
23 error not with npm itself.
23 error Tell the author that this fails on your system:
23 error     rd /s /q dist && rd /s /q build
23 error You can get information on how to open an issue for this project with:
23 error     npm bugs webpack-front
23 error Or if that isn't available, you can get their info via:
23 error     npm owner ls webpack-front
23 error There is likely additional logging output above.
24 verbose exit [ 1, true ]
